<?xml version="1.0" encoding="UTF-8"?>
<!-- Generated by org.testng.reporters.JUnitReportReporter -->
<testsuite skipped="0" hostname="DESKTOP-UM554UI" name="com.qa.Tests.LoginTests" tests="1" failures="0" timestamp="16 Jan 2019 11:14:09 GMT" time="36.493" errors="0">
  <testcase name="Login" time="36.493" classname="com.qa.Tests.LoginTests"/>
</testsuite> <!-- com.qa.Tests.LoginTests -->
